Gurobi 12.0.0 (mac64[arm], gurobi_cl) logging started Tue Feb 18 14:58:54 2025

Set parameter NoRelHeurTime to value 600
Set parameter LogFile to value "gurobi.log"
Using license file /Users/sakai/gurobi.lic
Restricted license - for non-production use only - expires 2026-11-23

Gurobi Optimizer version 12.0.0 build v12.0.0rc1 (mac64[arm] - Darwin 24.3.0 24D60)
Copyright (c) 2024, Gurobi Optimization, LLC

Read LP format model from file miplib2024_submission/instances.20250217/bnn_mnist_rot_8_label1_adversarial_norm_1.lp
Reading time = 0.06 seconds
: 1104 rows, 1295 columns, 398390 nonzeros

Read solution from file miplib2024_submission/solutions/bnn_mnist_rot_8_label1_adversarial_norm_2.sol
Read input file 'miplib2024_submission/solutions/bnn_mnist_rot_8_label1_adversarial_norm_2.sol'


Using Gurobi shared library /Library/gurobi1200/macos_universal2/lib/libgurobi120.dylib

CPU model: Apple M4
Thread count: 10 physical cores, 10 logical processors, using up to 10 threads

Non-default parameters:
NoRelHeurTime  600

Optimize a model with 1104 rows, 1295 columns and 398390 nonzeros
Model fingerprint: 0x59b32116
Variable types: 1 continuous, 1294 integer (1294 binary)
Coefficient statistics:
  Matrix range     [1e+00, 2e+03]
  Objective range  [1e+00, 1e+04]
  Bounds range     [1e+00, 1e+00]
  RHS range        [1e+00, 2e+03]

Loaded user MIP start with objective 3

Presolve removed 32 rows and 596 columns
Presolve time: 1.24s
Presolved: 1072 rows, 699 columns, 161198 nonzeros
Variable types: 0 continuous, 699 integer (699 binary)
Starting NoRel heuristic
Elapsed time for NoRel heuristic: 5s (best bound 0)
Elapsed time for NoRel heuristic: 10s (best bound 0)
Elapsed time for NoRel heuristic: 16s (best bound 0)
Elapsed time for NoRel heuristic: 24s (best bound 0)
Elapsed time for NoRel heuristic: 35s (best bound 0)
Elapsed time for NoRel heuristic: 41s (best bound 0)
Elapsed time for NoRel heuristic: 48s (best bound 0)
Elapsed time for NoRel heuristic: 57s (best bound 0)
Elapsed time for NoRel heuristic: 74s (best bound 0)
Elapsed time for NoRel heuristic: 85s (best bound 0)
Elapsed time for NoRel heuristic: 94s (best bound 0)
Elapsed time for NoRel heuristic: 102s (best bound 0)
Elapsed time for NoRel heuristic: 114s (best bound 0)
Elapsed time for NoRel heuristic: 121s (best bound 0)
Elapsed time for NoRel heuristic: 133s (best bound 0)
Elapsed time for NoRel heuristic: 145s (best bound 0)
Elapsed time for NoRel heuristic: 157s (best bound 0)
Elapsed time for NoRel heuristic: 169s (best bound 0)
Elapsed time for NoRel heuristic: 181s (best bound 0)
Elapsed time for NoRel heuristic: 193s (best bound 0)
Elapsed time for NoRel heuristic: 206s (best bound 0)
Elapsed time for NoRel heuristic: 218s (best bound 0)
Elapsed time for NoRel heuristic: 228s (best bound 0)
Elapsed time for NoRel heuristic: 242s (best bound 0)
Elapsed time for NoRel heuristic: 270s (best bound 0)
Elapsed time for NoRel heuristic: 296s (best bound 0)
Elapsed time for NoRel heuristic: 321s (best bound 0)
Elapsed time for NoRel heuristic: 343s (best bound 0)
Elapsed time for NoRel heuristic: 369s (best bound 0)
Elapsed time for NoRel heuristic: 392s (best bound 0)
Elapsed time for NoRel heuristic: 419s (best bound 0)
Elapsed time for NoRel heuristic: 443s (best bound 0)
Elapsed time for NoRel heuristic: 466s (best bound 0)
Elapsed time for NoRel heuristic: 494s (best bound 0)
Elapsed time for NoRel heuristic: 517s (best bound 0)
Elapsed time for NoRel heuristic: 548s (best bound 0)
Elapsed time for NoRel heuristic: 570s (best bound 0)
Elapsed time for NoRel heuristic: 598s (best bound 0)
Elapsed time for NoRel heuristic: 620s (best bound 0)
NoRel heuristic complete

Root simplex log...

Iteration    Objective       Primal Inf.    Dual Inf.      Time
       0    0.0000000e+00   2.916250e+02   0.000000e+00    621s
     343    0.0000000e+00   0.000000e+00   0.000000e+00    621s

Root relaxation: objective 0.000000e+00, 343 iterations, 0.01 seconds (0.04 work units)

    Nodes    |    Current Node    |     Objective Bounds      |     Work
 Expl Unexpl |  Obj  Depth IntInf | Incumbent    BestBd   Gap | It/Node Time

     0     0    0.00000    0    9    3.00000    0.00000   100%     -  621s
     0     0    0.00000    0   13    3.00000    0.00000   100%     -  621s
     0     0    0.00000    0    2    3.00000    0.00000   100%     -  621s
     0     0    0.00000    0    2    3.00000    0.00000   100%     -  621s
     0     0    0.00000    0    3    3.00000    0.00000   100%     -  621s
     0     0    0.00000    0    3    3.00000    0.00000   100%     -  621s
     0     0    0.00000    0   10    3.00000    0.00000   100%     -  621s
     0     0    0.00000    0    6    3.00000    0.00000   100%     -  621s
     0     0    0.00000    0   10    3.00000    0.00000   100%     -  621s
     0     0    0.00000    0    9    3.00000    0.00000   100%     -  621s
     0     0    0.00000    0    9    3.00000    0.00000   100%     -  621s
     0     2    1.00000    0    9    3.00000    1.00000  66.7%     -  621s
 10354  4125    1.50000   47   41    3.00000    1.00000  66.7%  25.6  625s
 23787  8684    2.00000   55   49    3.00000    1.00000  66.7%  25.1  630s
 33628 10964    1.00000   32   58    3.00000    1.00000  66.7%  25.7  637s
 42937 13448 infeasible   29         3.00000    1.00000  66.7%  27.7  640s
 57816 18472     cutoff   48         3.00000    1.00000  66.7%  29.9  645s
 71535 22682    1.00000   32   29    3.00000    1.00000  66.7%  31.2  650s
 84296 27030    1.00000   50   54    3.00000    1.00000  66.7%  32.4  655s
 97460 30065     cutoff   52         3.00000    1.00000  66.7%  33.2  660s
 108002 33032    2.00000   65   37    3.00000    1.00000  66.7%  33.6  665s
 119243 36441 infeasible   50         3.00000    1.00000  66.7%  33.8  670s
 132384 39052    1.00000   52   24    3.00000    1.00000  66.7%  34.3  675s
 145035 41730    1.00000   38   50    3.00000    1.00000  66.7%  34.6  680s
 161110 43900    1.00000   50   50    3.00000    1.00000  66.7%  34.1  685s
 181027 49175 infeasible   47         3.00000    1.00000  66.7%  33.5  690s
 200880 54704    1.00000   59   42    3.00000    1.00000  66.7%  33.0  695s
 218205 59216    1.00000   46   62    3.00000    1.00000  66.7%  32.7  700s
 235704 64979    1.00000   46   30    3.00000    1.00000  66.7%  32.4  705s
 255479 67553 infeasible   73         3.00000    1.00000  66.7%  32.1  710s
 267713 69695 infeasible   39         3.00000    1.00000  66.7%  32.1  715s
 284219 73656 infeasible   58         3.00000    1.00000  66.7%  31.8  720s
 303104 76070     cutoff   24         3.00000    1.00000  66.7%  31.5  725s
 323214 78654 infeasible   37         3.00000    1.00000  66.7%  31.2  730s
 340339 80738    1.83333   48   45    3.00000    1.00000  66.7%  31.0  735s
 358251 82301 infeasible   46         3.00000    1.00000  66.7%  30.9  740s
 376182 84234 infeasible   44         3.00000    1.00000  66.7%  30.8  745s
 394066 86416 infeasible   30         3.00000    1.00000  66.7%  30.7  750s
 410152 88432    1.00000   37   59    3.00000    1.00000  66.7%  30.6  755s
 428907 90150 infeasible   52         3.00000    1.00000  66.7%  30.5  760s
 444378 92249    1.00000   64   41    3.00000    1.00000  66.7%  30.5  765s
 464751 94594 infeasible   51         3.00000    1.00000  66.7%  30.4  770s
 482957 96997    2.00000   34   51    3.00000    1.00000  66.7%  30.3  775s
 502585 99274    1.00000   41   32    3.00000    1.00000  66.7%  30.1  780s
 519422 100994    1.00000   32   43    3.00000    1.00000  66.7%  30.1  785s
 537173 102431 infeasible   45         3.00000    1.00000  66.7%  30.1  790s
 553826 103092    1.00000   42   24    3.00000    1.00000  66.7%  30.1  795s
 570713 103946    1.00000   38   50    3.00000    1.00000  66.7%  30.0  800s
 588135 104935 infeasible   36         3.00000    1.00000  66.7%  30.0  805s
 604875 105765 infeasible   38         3.00000    1.00000  66.7%  29.9  810s
 621927 106820 infeasible   57         3.00000    1.00000  66.7%  30.0  815s
 636203 108100    2.00000   40   38    3.00000    1.00000  66.7%  29.9  820s
 654452 109394 infeasible   36         3.00000    1.00000  66.7%  29.8  825s
 670094 110998    1.00000   51   36    3.00000    1.00000  66.7%  29.8  830s
 686878 111537 infeasible   54         3.00000    1.00000  66.7%  29.8  835s
 705659 112515 infeasible   47         3.00000    1.00000  66.7%  29.8  840s
 721618 113125 infeasible   39         3.00000    1.00000  66.7%  29.7  845s
 739240 113930     cutoff   35         3.00000    1.00000  66.7%  29.7  850s
 756719 114813     cutoff   70         3.00000    1.00000  66.7%  29.7  855s
 772595 114523 infeasible   48         3.00000    1.00000  66.7%  29.7  860s
 786377 114348    1.00000   39   52    3.00000    1.00000  66.7%  29.8  865s
 800788 112607 infeasible   43         3.00000    1.29648  56.8%  29.9  870s
 816328 110507    2.00000   41   42    3.00000    2.00000  33.3%  29.7  875s
 836201 112301 infeasible   52         3.00000    2.00000  33.3%  29.6  880s
 856135 115343    2.00000   36   59    3.00000    2.00000  33.3%  29.5  885s
 872628 117315    2.00000   45   37    3.00000    2.00000  33.3%  29.5  890s
 887411 118225 infeasible   49         3.00000    2.00000  33.3%  29.4  895s
 906494 120068    2.00000   56   37    3.00000    2.00000  33.3%  29.4  900s
 926376 121397 infeasible   49         3.00000    2.00000  33.3%  29.3  905s
 944801 122747    2.00000   53   30    3.00000    2.00000  33.3%  29.2  910s
 964221 124405 infeasible   47         3.00000    2.00000  33.3%  29.1  915s
 982773 126061    2.00000   39   49    3.00000    2.00000  33.3%  29.0  920s
 999543 127741 infeasible   49         3.00000    2.00000  33.3%  28.9  925s
 1019051 129688    2.00000   62   26    3.00000    2.00000  33.3%  28.9  930s
 1037055 131604    2.00000   49   47    3.00000    2.00000  33.3%  28.8  935s
 1058337 133382 infeasible   38         3.00000    2.00000  33.3%  28.7  940s
 1077612 134772 infeasible   49         3.00000    2.00000  33.3%  28.6  945s
 1095726 135933 infeasible   60         3.00000    2.00000  33.3%  28.6  950s
 1113596 138041    2.00000   30   46    3.00000    2.00000  33.3%  28.5  955s
 1134343 140933    2.00000   45   41    3.00000    2.00000  33.3%  28.5  960s
 1153742 144731    2.00000   52   36    3.00000    2.00000  33.3%  28.4  965s
 1173349 146767 infeasible   44         3.00000    2.00000  33.3%  28.3  970s
 1193509 149311 infeasible   32         3.00000    2.00000  33.3%  28.3  975s
 1209523 150319     cutoff   59         3.00000    2.00000  33.3%  28.3  980s
 1226478 151565    2.00000   51   46    3.00000    2.00000  33.3%  28.3  985s
 1245340 154334 infeasible   42         3.00000    2.00000  33.3%  28.3  990s
 1263577 156783 infeasible   54         3.00000    2.00000  33.3%  28.3  995s
 1281034 158092    2.00000   39   45    3.00000    2.00000  33.3%  28.3 1000s
 1298844 158670    2.00000   50   52    3.00000    2.00000  33.3%  28.2 1005s
 1316737 158145 infeasible   45         3.00000    2.00000  33.3%  28.2 1010s
 1334404 157729    2.00000   40   40    3.00000    2.00000  33.3%  28.2 1015s
 1351100 157081 infeasible   37         3.00000    2.00000  33.3%  28.2 1020s
 1364969 156581 infeasible   40         3.00000    2.00000  33.3%  28.1 1025s
 1384203 156427    2.00000   51   35    3.00000    2.00000  33.3%  28.1 1030s
 1399733 156164    2.00000   43   32    3.00000    2.00000  33.3%  28.0 1035s
 1420489 156346    2.00000   45   39    3.00000    2.00000  33.3%  28.0 1040s
 1441526 156126    2.00000   39   29    3.00000    2.00000  33.3%  27.9 1045s
 1459516 155985 infeasible   41         3.00000    2.00000  33.3%  27.9 1050s
 1477481 155818    2.00000   48   36    3.00000    2.00000  33.3%  27.8 1055s
 1495736 155623    2.00000   45   30    3.00000    2.00000  33.3%  27.8 1060s
 1514004 155156    2.00000   66   30    3.00000    2.00000  33.3%  27.7 1065s
 1531015 154478    2.00000   37   42    3.00000    2.00000  33.3%  27.7 1070s
 1547920 154186     cutoff   53         3.00000    2.00000  33.3%  27.7 1075s
 1567284 153882 infeasible   46         3.00000    2.00000  33.3%  27.6 1080s
 1583833 153905 infeasible   48         3.00000    2.00000  33.3%  27.6 1085s
 1602137 153889 infeasible   41         3.00000    2.00000  33.3%  27.6 1090s
 1620440 153539    2.00000   31   37    3.00000    2.00000  33.3%  27.6 1095s
 1640078 153610 infeasible   35         3.00000    2.00000  33.3%  27.5 1100s
 1657505 153644 infeasible   45         3.00000    2.00000  33.3%  27.5 1105s
 1673736 153237    2.00000   46   39    3.00000    2.00000  33.3%  27.5 1110s
 1691641 153329 infeasible   47         3.00000    2.00000  33.3%  27.5 1115s
 1709569 153061     cutoff   49         3.00000    2.00000  33.3%  27.5 1120s
 1727457 152967     cutoff   34         3.00000    2.00000  33.3%  27.4 1125s
 1745130 152908    2.00000   36   63    3.00000    2.00000  33.3%  27.4 1131s
 1761998 152908     cutoff   44         3.00000    2.00000  33.3%  27.4 1135s
 1780337 152823    2.00000   39   55    3.00000    2.00000  33.3%  27.4 1140s
 1797788 152864    2.00000   43   39    3.00000    2.00000  33.3%  27.3 1145s
 1817022 152344    2.00000   43   37    3.00000    2.00000  33.3%  27.3 1150s
 1836354 151858    2.00000   45   32    3.00000    2.00000  33.3%  27.3 1155s
 1854627 151249 infeasible   51         3.00000    2.00000  33.3%  27.3 1160s
 1873704 150917 infeasible   44         3.00000    2.00000  33.3%  27.2 1165s
 1892646 149890 infeasible   56         3.00000    2.00000  33.3%  27.2 1170s
 1909068 149347    2.00000   56   31    3.00000    2.00000  33.3%  27.2 1175s
 1929499 148982     cutoff   41         3.00000    2.00000  33.3%  27.2 1180s
 1947084 148203 infeasible   61         3.00000    2.00000  33.3%  27.2 1185s
 1966547 147637    2.00000   37   48    3.00000    2.00000  33.3%  27.1 1190s
 1984898 146920 infeasible   50         3.00000    2.00000  33.3%  27.1 1195s
 2001790 145859    2.00000   36   40    3.00000    2.00000  33.3%  27.1 1200s
 2022932 145443    2.00000   51   41    3.00000    2.00000  33.3%  27.1 1205s
 2041294 144885 infeasible   40         3.00000    2.00000  33.3%  27.0 1210s
 2060212 144379    2.00000   29   52    3.00000    2.00000  33.3%  27.0 1215s
 2077022 143956 infeasible   42         3.00000    2.00000  33.3%  27.0 1220s
 2093782 143468    2.00000   32   52    3.00000    2.00000  33.3%  27.0 1225s
 2111819 143006 infeasible   59         3.00000    2.00000  33.3%  27.0 1230s
 2132226 142497    2.00000   26   54    3.00000    2.00000  33.3%  26.9 1235s
 2150366 142031    2.00000   38   34    3.00000    2.00000  33.3%  26.9 1240s
 2169058 141772    2.00000   31   49    3.00000    2.00000  33.3%  26.9 1245s
 2191525 141364 infeasible   53         3.00000    2.00000  33.3%  26.8 1250s
 2204014 141098    2.00000   44   64    3.00000    2.00000  33.3%  26.8 1255s
 2224173 141031 infeasible   54         3.00000    2.00000  33.3%  26.8 1260s
 2239838 140763 infeasible   57         3.00000    2.00000  33.3%  26.8 1265s
 2258624 140388 infeasible   36         3.00000    2.00000  33.3%  26.8 1270s
 2278028 140158     cutoff   39         3.00000    2.00000  33.3%  26.8 1275s
 2294334 139593    2.00000   52   40    3.00000    2.00000  33.3%  26.8 1280s
 2311754 139626 infeasible   46         3.00000    2.00000  33.3%  26.7 1285s
 2326884 139360    2.00000   43   27    3.00000    2.00000  33.3%  26.7 1290s
 2343730 138997    2.00000   53   46    3.00000    2.00000  33.3%  26.7 1295s
 2360296 138655    2.00000   47   48    3.00000    2.00000  33.3%  26.7 1300s
 2378054 138494 infeasible   46         3.00000    2.00000  33.3%  26.7 1305s
 2392295 137924 infeasible   43         3.00000    2.00000  33.3%  26.7 1310s
 2408900 137536 infeasible   49         3.00000    2.00000  33.3%  26.7 1315s
 2427632 136963 infeasible   53         3.00000    2.00000  33.3%  26.7 1320s
 2444584 136511    2.00000   54   42    3.00000    2.00000  33.3%  26.7 1325s
 2463242 136590 infeasible   39         3.00000    2.00000  33.3%  26.7 1330s
 2480967 136488     cutoff   49         3.00000    2.00000  33.3%  26.7 1335s
 2498060 136004    2.00000   26   38    3.00000    2.00000  33.3%  26.7 1340s
 2516557 135262 infeasible   50         3.00000    2.00000  33.3%  26.6 1345s
 2533203 134460    2.00000   42   39    3.00000    2.00000  33.3%  26.6 1350s
 2550218 133845    2.00000   49   38    3.00000    2.00000  33.3%  26.6 1355s
 2567780 133271 infeasible   47         3.00000    2.00000  33.3%  26.6 1360s
 2586266 133195    2.00000   45   42    3.00000    2.00000  33.3%  26.6 1365s
 2603541 133389    2.00000   35   53    3.00000    2.00000  33.3%  26.6 1370s
 2621837 133012 infeasible   60         3.00000    2.00000  33.3%  26.6 1375s
 2639020 132897    2.00000   34   49    3.00000    2.00000  33.3%  26.6 1380s
 2656837 132935    2.00000   37   65    3.00000    2.00000  33.3%  26.6 1385s
 2675697 133184     cutoff   52         3.00000    2.00000  33.3%  26.6 1390s
 2695587 133291    2.00000   52   32    3.00000    2.00000  33.3%  26.6 1395s
 2714240 133001    2.00000   36   24    3.00000    2.00000  33.3%  26.5 1400s
 2733200 132493    2.00000   57   37    3.00000    2.00000  33.3%  26.5 1405s
 2750369 132533    2.00000   43   38    3.00000    2.00000  33.3%  26.5 1410s
 2770071 132411     cutoff   65         3.00000    2.00000  33.3%  26.5 1415s
 2789316 132546    2.00000   47   25    3.00000    2.00000  33.3%  26.5 1420s
 2807966 132590    2.00000   40   47    3.00000    2.00000  33.3%  26.5 1425s
 2827453 132558 infeasible   43         3.00000    2.00000  33.3%  26.5 1430s
 2847807 132803    2.00000   53   43    3.00000    2.00000  33.3%  26.4 1435s
 2868115 133209    2.00000   54   37    3.00000    2.00000  33.3%  26.4 1440s
 2884769 133603    2.00000   43   43    3.00000    2.00000  33.3%  26.4 1445s
 2904655 133804 infeasible   50         3.00000    2.00000  33.3%  26.4 1450s
 2924615 133840    2.00000   39   48    3.00000    2.00000  33.3%  26.3 1455s
 2943718 133774    2.00000   40   48    3.00000    2.00000  33.3%  26.3 1460s
 2963505 133837    2.00000   42   20    3.00000    2.00000  33.3%  26.3 1465s
 2982283 133869    2.00000   32   47    3.00000    2.00000  33.3%  26.3 1470s
 3000435 134097    2.00000   43   41    3.00000    2.00000  33.3%  26.3 1475s
 3020428 134438     cutoff   45         3.00000    2.00000  33.3%  26.3 1480s
 3039134 134177    2.00000   42   33    3.00000    2.00000  33.3%  26.2 1485s
 3057676 133864 infeasible   51         3.00000    2.00000  33.3%  26.2 1490s
 3076585 134014 infeasible   38         3.00000    2.00000  33.3%  26.2 1495s
 3094717 133707 infeasible   35         3.00000    2.00000  33.3%  26.2 1500s
 3112158 134035    2.00000   51   27    3.00000    2.00000  33.3%  26.2 1505s
 3128489 133038 infeasible   55         3.00000    2.00000  33.3%  26.2 1510s
 3147859 131351    2.00000   53   42    3.00000    2.00000  33.3%  26.2 1515s
 3166083 129817    2.00000   56   32    3.00000    2.00000  33.3%  26.2 1520s
 3183559 128234 infeasible   35         3.00000    2.00000  33.3%  26.2 1525s
 3201917 126916    2.00000   67   30    3.00000    2.00000  33.3%  26.2 1530s
 3220753 125589 infeasible   52         3.00000    2.00000  33.3%  26.2 1535s
 3238834 124272 infeasible   43         3.00000    2.00000  33.3%  26.2 1540s
 3257636 122533    2.00000   39   47    3.00000    2.00000  33.3%  26.2 1545s
 3274765 121029 infeasible   50         3.00000    2.00000  33.3%  26.2 1550s
 3286334 119494    2.00000   48   50    3.00000    2.00000  33.3%  26.2 1555s
 3304502 118031 infeasible   43         3.00000    2.00000  33.3%  26.2 1560s
 3323009 116042 infeasible   47         3.00000    2.00000  33.3%  26.2 1565s
 3340229 114672 infeasible   38         3.00000    2.00000  33.3%  26.2 1570s
 3356969 112980    2.00000   36   41    3.00000    2.00000  33.3%  26.2 1575s
 3375627 111569 infeasible   62         3.00000    2.00000  33.3%  26.2 1580s
 3393486 109957    2.00000   39   47    3.00000    2.00000  33.3%  26.2 1585s
 3410911 108323    2.00000   48   38    3.00000    2.00000  33.3%  26.2 1590s
 3428719 107299 infeasible   44         3.00000    2.00000  33.3%  26.2 1595s
 3444777 105631    2.00000   54   39    3.00000    2.00000  33.3%  26.2 1600s
 3465494 103519 infeasible   47         3.00000    2.00000  33.3%  26.1 1605s
 3483972 101937 infeasible   54         3.00000    2.00000  33.3%  26.1 1610s
 3504006 100117 infeasible   39         3.00000    2.00000  33.3%  26.1 1615s
 3520328 98594 infeasible   46         3.00000    2.00000  33.3%  26.1 1620s
 3537239 97055    2.00000   40   37    3.00000    2.00000  33.3%  26.1 1625s
 3556192 95459 infeasible   45         3.00000    2.00000  33.3%  26.1 1630s
 3573302 93585    2.00000   39   38    3.00000    2.00000  33.3%  26.1 1635s
 3589682 92664    2.00000   42   55    3.00000    2.00000  33.3%  26.1 1640s
 3607899 91468    2.00000   40   46    3.00000    2.00000  33.3%  26.1 1645s
 3627715 90098 infeasible   36         3.00000    2.00000  33.3%  26.1 1650s
 3644098 88568    2.00000   44   40    3.00000    2.00000  33.3%  26.1 1655s
 3662332 87141 infeasible   57         3.00000    2.00000  33.3%  26.1 1660s
 3679603 85681 infeasible   71         3.00000    2.00000  33.3%  26.1 1665s
 3695214 84125    2.00000   41   44    3.00000    2.00000  33.3%  26.1 1670s
 3712606 82347    2.00000   39   39    3.00000    2.00000  33.3%  26.1 1675s
 3731406 80751 infeasible   39         3.00000    2.00000  33.3%  26.2 1680s
 3748266 78645    2.00000   47   32    3.00000    2.00000  33.3%  26.2 1685s
 3766869 76596    2.00000   46   47    3.00000    2.00000  33.3%  26.2 1690s
 3785128 74749 infeasible   45         3.00000    2.00000  33.3%  26.2 1695s
 3802248 72915     cutoff   38         3.00000    2.00000  33.3%  26.2 1700s
 3820591 71471    2.00000   51   33    3.00000    2.00000  33.3%  26.2 1705s
 3838389 69832 infeasible   45         3.00000    2.00000  33.3%  26.1 1710s
 3856016 68091 infeasible   53         3.00000    2.00000  33.3%  26.1 1715s
 3874748 66536 infeasible   43         3.00000    2.00000  33.3%  26.1 1720s
 3892207 65183    2.00000   58   46    3.00000    2.00000  33.3%  26.1 1725s
 3910272 63024 infeasible   37         3.00000    2.00000  33.3%  26.1 1730s
 3925315 60869    2.00000   39   43    3.00000    2.00000  33.3%  26.1 1735s
 3941176 59059 infeasible   61         3.00000    2.00000  33.3%  26.1 1740s
 3960681 57403    2.00000   42   47    3.00000    2.00000  33.3%  26.1 1745s
 3979890 55813 infeasible   54         3.00000    2.00000  33.3%  26.1 1750s
 3998594 53870 infeasible   76         3.00000    2.00000  33.3%  26.1 1755s
 4015213 52053    2.00000   47   29    3.00000    2.00000  33.3%  26.1 1760s
 4032783 49546 infeasible   45         3.00000    2.00000  33.3%  26.1 1765s
 4046603 47274    2.00000   37   44    3.00000    2.00000  33.3%  26.1 1770s
 4064387 44769 infeasible   35         3.00000    2.00000  33.3%  26.1 1775s
 4081871 42690 infeasible   42         3.00000    2.00000  33.3%  26.2 1780s
 4098227 39675 infeasible   51         3.00000    2.00000  33.3%  26.2 1785s
 4113695 37064    2.00000   45   38    3.00000    2.00000  33.3%  26.2 1790s
 4130251 33997 infeasible   53         3.00000    2.00000  33.3%  26.2 1795s
 4146741 30842 infeasible   37         3.00000    2.00000  33.3%  26.2 1800s
 4162950 28562 infeasible   36         3.00000    2.00000  33.3%  26.2 1805s
 4179109 25757    2.00000   37   53    3.00000    2.00000  33.3%  26.2 1810s
 4197675 22994 infeasible   49         3.00000    2.00000  33.3%  26.2 1815s
 4212633 20311 infeasible   42         3.00000    2.00000  33.3%  26.2 1820s
 4229416 18012 infeasible   56         3.00000    2.00000  33.3%  26.3 1825s
 4246390 15103 infeasible   44         3.00000    2.00000  33.3%  26.3 1830s
 4261556 11937 infeasible   59         3.00000    2.00000  33.3%  26.3 1835s
 4276500  9179 infeasible   47         3.00000    2.00000  33.3%  26.3 1840s
 4291018  6630    2.00000   47   31    3.00000    2.00000  33.3%  26.3 1845s
 4304763  3261    2.00000   42   36    3.00000    2.00000  33.3%  26.4 1850s
 4320413   733    2.00000   46   54    3.00000    2.00000  33.3%  26.4 1855s

Cutting planes:
  Gomory: 5
  Lift-and-project: 11
  Cover: 33
  MIR: 8
  StrongCG: 8
  Flow cover: 58
  GUB cover: 12
  Zero half: 12
  RLT: 8

Explored 4325281 nodes (114134904 simplex iterations) in 1856.34 seconds (3640.11 work units)
Thread count was 10 (of 10 available processors)

Solution count 1: 3 

Optimal solution found (tolerance 1.00e-04)
Best objective 3.000000000000e+00, best bound 3.000000000000e+00, gap 0.0000%

Wrote result file 'miplib2024_submission/solutions/bnn_mnist_rot_8_label1_adversarial_norm_1.sol'

